<?xml version="1.0" ?>
<!DOCTYPE coverage SYSTEM "http://cobertura.sourceforge.net/xml/coverage-04.dtd">
<coverage lines-valid="48"  lines-covered="42"  line-rate="0.875"  branches-valid="12"  branches-covered="9"  branch-rate="0.75"  timestamp="1380932024757" complexity="0" version="0.1">
<sources>
	<source>d:\GitDevelopment\SimpleAccount</source>
</sources>
<packages>
	<package name="..SimpleAccount.Web.Js"  line-rate="0.875"  branch-rate="0.75" >
	<classes>
		<class name="App.js"  filename="./SimpleAccount.Web/Js/App.js"  line-rate="1"  branch-rate="1" >
		<methods>
		</methods>
		<lines>
			<line number="1"  hits="1"  branch="false" />
			<line number="3"  hits="1"  branch="false" />
		</lines>
		</class>
		<class name="SimpleAccountController.js"  filename="./SimpleAccount.Web/Js/SimpleAccountController.js"  line-rate="0.8387"  branch-rate="0.75" >
		<methods>
			<method name="(anonymous_1)"  hits="5"  signature="()V" >
				<lines><line number="4"  hits="5" /></lines>
			</method>
			<method name="(anonymous_2)"  hits="2"  signature="()V" >
				<lines><line number="10"  hits="2" /></lines>
			</method>
			<method name="(anonymous_3)"  hits="2"  signature="()V" >
				<lines><line number="12"  hits="2" /></lines>
			</method>
			<method name="(anonymous_4)"  hits="1"  signature="()V" >
				<lines><line number="19"  hits="1" /></lines>
			</method>
			<method name="error"  hits="0"  signature="()V" >
				<lines><line number="24"  hits="0" /></lines>
			</method>
			<method name="(anonymous_6)"  hits="1"  signature="()V" >
				<lines><line number="31"  hits="1" /></lines>
			</method>
			<method name="(anonymous_7)"  hits="5"  signature="()V" >
				<lines><line number="38"  hits="5" /></lines>
			</method>
		</methods>
		<lines>
			<line number="2"  hits="1"  branch="false" />
			<line number="4"  hits="1"  branch="false" />
			<line number="6"  hits="5"  branch="false" />
			<line number="7"  hits="5"  branch="false" />
			<line number="8"  hits="5"  branch="false" />
			<line number="10"  hits="5"  branch="false" />
			<line number="11"  hits="2"  branch="false" />
			<line number="12"  hits="2"  branch="false" />
			<line number="13"  hits="2"  branch="false" />
			<line number="14"  hits="2"  branch="false" />
			<line number="15"  hits="2"  branch="true"  condition-coverage="100% (2/2)" />
			<line number="16"  hits="1"  branch="false" />
			<line number="19"  hits="1"  branch="false" />
			<line number="21"  hits="1"  branch="false" />
			<line number="28"  hits="2"  branch="false" />
			<line number="31"  hits="5"  branch="false" />
			<line number="32"  hits="1"  branch="true"  condition-coverage="50% (1/2)" />
			<line number="33"  hits="0"  branch="false" />
			<line number="35"  hits="1"  branch="false" />
			<line number="38"  hits="5"  branch="false" />
			<line number="40"  hits="5"  branch="true"  condition-coverage="100% (2/2)" />
			<line number="41"  hits="2"  branch="false" />
			<line number="44"  hits="5"  branch="true"  condition-coverage="50% (1/2)" />
			<line number="45"  hits="0"  branch="false" />
			<line number="46"  hits="0"  branch="false" />
			<line number="47"  hits="5"  branch="true"  condition-coverage="100% (2/2)" />
			<line number="48"  hits="2"  branch="false" />
			<line number="49"  hits="2"  branch="false" />
			<line number="50"  hits="3"  branch="true"  condition-coverage="50% (1/2)" />
			<line number="51"  hits="0"  branch="false" />
			<line number="52"  hits="0"  branch="false" />
		</lines>
		</class>
		<class name="SimpleAccountService.js"  filename="./SimpleAccount.Web/Js/SimpleAccountService.js"  line-rate="0.9333"  branch-rate="1" >
		<methods>
			<method name="(anonymous_1)"  hits="2"  signature="()V" >
				<lines><line number="4"  hits="2" /></lines>
			</method>
			<method name="(anonymous_2)"  hits="2"  signature="()V" >
				<lines><line number="13"  hits="2" /></lines>
			</method>
			<method name="(anonymous_3)"  hits="2"  signature="()V" >
				<lines><line number="17"  hits="2" /></lines>
			</method>
			<method name="(anonymous_4)"  hits="0"  signature="()V" >
				<lines><line number="20"  hits="0" /></lines>
			</method>
		</methods>
		<lines>
			<line number="2"  hits="1"  branch="false" />
			<line number="4"  hits="1"  branch="false" />
			<line number="5"  hits="2"  branch="false" />
			<line number="6"  hits="2"  branch="false" />
			<line number="7"  hits="2"  branch="false" />
			<line number="8"  hits="2"  branch="false" />
			<line number="9"  hits="2"  branch="false" />
			<line number="10"  hits="2"  branch="false" />
			<line number="13"  hits="2"  branch="false" />
			<line number="14"  hits="2"  branch="false" />
			<line number="15"  hits="2"  branch="false" />
			<line number="18"  hits="2"  branch="false" />
			<line number="21"  hits="0"  branch="false" />
			<line number="23"  hits="2"  branch="false" />
			<line number="26"  hits="2"  branch="false" />
		</lines>
		</class>
	</classes>
	</package>
</packages>
</coverage>
