<?xml version="1.0"?>
<testsuites>
  <testsuite name="PhantomJS 1.9.1 (Windows 7)" package="undefined" timestamp="2013-10-04T09:04:10" id="0" hostname="sivavm" tests="2" errors="0" failures="0" time="0.021">
    <properties>
      <property name="browser.fullName" value="Mozilla/5.0 (Windows NT 6.1; WOW64) AppleWebKit/534.34 (KHTML, like Gecko) PhantomJS/1.9.1 Safari/534.34"/>
    </properties>
    <testcase name="should have model from service and be empty" time="0.018" classname="PhantomJS 1.9.1 (Windows 7).Simple account JavaScript Tests -&gt; Simple Account Controller Tests "/>
    <testcase name="should watch password matching" time="0.003" classname="PhantomJS 1.9.1 (Windows 7).Simple account JavaScript Tests -&gt; Simple Account Controller Tests "/>
    <system-out><![CDATA[
]]></system-out>
    <system-err/>
  </testsuite>
</testsuites>
